Build started 3/14/2016 10:05:36 PM.
     1>Project "F:\PULCHOWK MAGIC\VS\OGLT\lesson1\introduction\SELECTRA\SELECTRA.vcxproj" on node 2 (Build target(s)).
     1>ClCompile:
         D:\VS\VC\bin\CL.exe /c /I"F:\PULCHOWK MAGIC\VS\OGLT\lesson1\introduction\Bengine" /I"F:\PULCHOWK MAGIC\VS\OGLT\lesson1\introduction\deps\include" /ZI /nologo /W3 /WX- /sdl /Od /Oy- /D _MBCS /Gm /EHsc /RTC1 /MDd /GS /fp:precise /Zc:wchar_t /Zc:forScope /Fo"Debug\\" /Fd"Debug\vc120.pdb" /Gd /TP /analyze- /errorReport:prompt MainGame.cpp
         MainGame.cpp
     1>f:\pulchowk magic\vs\oglt\lesson1\introduction\selectra\maingame.h(12): warning C4067: unexpected tokens following preprocessor directive - expected a newline
     1>f:\pulchowk magic\vs\oglt\lesson1\introduction\selectra\gameobject.h(34): warning C4244: 'return' : conversion from 'float' to 'int', possible loss of data
     1>f:\pulchowk magic\vs\oglt\lesson1\introduction\selectra\maingame.cpp(16): warning C4244: 'argument' : conversion from 'time_t' to 'unsigned long', possible loss of data
     1>f:\pulchowk magic\vs\oglt\lesson1\introduction\selectra\maingame.cpp(88): warning C4244: 'argument' : conversion from 'float' to 'int', possible loss of data
     1>f:\pulchowk magic\vs\oglt\lesson1\introduction\selectra\maingame.cpp(92): warning C4244: 'argument' : conversion from 'int' to 'float', possible loss of data
     1>f:\pulchowk magic\vs\oglt\lesson1\introduction\selectra\maingame.cpp(156): warning C4018: '<' : signed/unsigned mismatch
     1>f:\pulchowk magic\vs\oglt\lesson1\introduction\selectra\maingame.cpp(170): warning C4244: 'argument' : conversion from 'float' to 'int', possible loss of data
     1>f:\pulchowk magic\vs\oglt\lesson1\introduction\selectra\maingame.cpp(176): warning C4244: 'argument' : conversion from 'float' to 'int', possible loss of data
     1>f:\pulchowk magic\vs\oglt\lesson1\introduction\selectra\maingame.cpp(183): warning C4018: '<' : signed/unsigned mismatch
     1>f:\pulchowk magic\vs\oglt\lesson1\introduction\selectra\maingame.cpp(249): warning C4018: '<' : signed/unsigned mismatch
     1>f:\pulchowk magic\vs\oglt\lesson1\introduction\selectra\maingame.cpp(251): warning C4018: '<' : signed/unsigned mismatch
     1>f:\pulchowk magic\vs\oglt\lesson1\introduction\selectra\maingame.cpp(383): warning C4244: 'initializing' : conversion from 'Uint32' to 'float', possible loss of data
     1>f:\pulchowk magic\vs\oglt\lesson1\introduction\selectra\maingame.cpp(386): warning C4244: 'initializing' : conversion from 'Uint32' to 'float', possible loss of data
     1>f:\pulchowk magic\vs\oglt\lesson1\introduction\selectra\maingame.cpp(489): warning C4018: '<' : signed/unsigned mismatch
     1>f:\pulchowk magic\vs\oglt\lesson1\introduction\selectra\maingame.cpp(525): warning C4018: '<' : signed/unsigned mismatch
     1>f:\pulchowk magic\vs\oglt\lesson1\introduction\selectra\maingame.cpp(527): warning C4018: '<' : signed/unsigned mismatch
     1>f:\pulchowk magic\vs\oglt\lesson1\introduction\selectra\maingame.cpp(529): warning C4018: '<' : signed/unsigned mismatch
     1>f:\pulchowk magic\vs\oglt\lesson1\introduction\selectra\maingame.cpp(113): warning C4715: 'MainGame::createDirVector' : not all control paths return a value
       Link:
         D:\VS\VC\bin\link.exe /ERRORREPORT:PROMPT /OUT:"F:\PULCHOWK MAGIC\VS\OGLT\lesson1\introduction\Debug\SELECTRA.exe" /INCREMENTAL /NOLOGO /LIBPATH:"F:\PULCHOWK MAGIC\VS\OGLT\lesson1\introduction\Debug" /LIBPATH:"F:\PULCHOWK MAGIC\VS\OGLT\lesson1\introduction\deps\lib\Debug" glew32.lib SDL2.lib SDL2main.lib SDL2test.lib OpenGL32.lib SDL2_ttf.lib SDL2_mixer.lib Bengine.lib "CEGUIBase-0_d.lib" "CEGUIOpenGLRenderer-0_d.lib" kernel32.lib user32.lib gdi32.lib winspool.lib comdlg32.lib advapi32.lib shell32.lib ole32.lib oleaut32.lib uuid.lib odbc32.lib odbccp32.lib /MANIFEST /MANIFESTUAC:"level='asInvoker' uiAccess='false'" /manifest:embed /DEBUG /PDB:"F:\PULCHOWK MAGIC\VS\OGLT\lesson1\introduction\Debug\SELECTRA.pdb" /SUBSYSTEM:CONSOLE /TLBID:1 /DYNAMICBASE /NXCOMPAT /IMPLIB:"F:\PULCHOWK MAGIC\VS\OGLT\lesson1\introduction\Debug\SELECTRA.lib" /MACHINE:X86 Debug\Balls.obj
         Debug\gameObject.obj
         Debug\Level.obj
         Debug\Main.obj
         Debug\MainGame.obj
         Debug\Selectra.obj
     1>MSVCRTD.lib(cinitexe.obj) : warning LNK4098: defaultlib 'msvcrt.lib' conflicts with use of other libs; use /NODEFAULTLIB:library
         SELECTRA.vcxproj -> F:\PULCHOWK MAGIC\VS\OGLT\lesson1\introduction\Debug\SELECTRA.exe
     1>Done Building Project "F:\PULCHOWK MAGIC\VS\OGLT\lesson1\introduction\SELECTRA\SELECTRA.vcxproj" (Build target(s)).

Build succeeded.

Time Elapsed 00:00:10.15
