Build started 3/17/2016 3:58:02 PM.
     1>Project "F:\PULCHOWK MAGIC\VS\OGLT\lesson1\introduction\Bengine\Bengine.vcxproj" on node 2 (Rebuild target(s)).
     1>ClCompile:
         D:\VS\VC\bin\CL.exe /c /I"F:\PULCHOWK MAGIC\VS\OGLT\lesson1\introduction\deps\include" /Zi /nologo /W3 /WX- /sdl /O2 /Oi /Oy- /GL /D WIN32 /D NDEBUG /D _LIB /D _UNICODE /D UNICODE /Gm- /EHsc /MD /GS /Gy /fp:precise /Zc:wchar_t /Zc:forScope /Fo"Release\\" /Fd"Release\vc120.pdb" /Gd /TP /analyze- /errorReport:prompt AudioEngine.cpp Bengine.cpp Bullet1.cpp Camera2D.cpp Error.cpp GLSL.cpp GUI.cpp imageLoader.cpp InputManager.cpp IOManager.cpp picoPNG.cpp ResourceManager.cpp Sprite.cpp SpriteBatch.cpp SpriteFont.cpp TextureCache.cpp Timing.cpp Window.cpp
         AudioEngine.cpp
         Bengine.cpp
         Bullet1.cpp
         Camera2D.cpp
         Error.cpp
         GLSL.cpp
         GUI.cpp
         imageLoader.cpp
         InputManager.cpp
         IOManager.cpp
     1>IOManager.cpp(16): warning C4244: 'initializing' : conversion from 'std::streamoff' to 'int', possible loss of data
     1>IOManager.cpp(21): warning C4244: '-=' : conversion from 'std::streamoff' to 'int', possible loss of data
         picoPNG.cpp
         ResourceManager.cpp
         Sprite.cpp
         SpriteBatch.cpp
     1>SpriteBatch.cpp(81): warning C4018: '<' : signed/unsigned mismatch
     1>SpriteBatch.cpp(104): warning C4018: '<' : signed/unsigned mismatch
     1>SpriteBatch.cpp(126): warning C4018: '<' : signed/unsigned mismatch
         SpriteFont.cpp
         TextureCache.cpp
         Timing.cpp
     1>Timing.cpp(20): warning C4244: 'initializing' : conversion from 'Uint32' to 'float', possible loss of data
     1>Timing.cpp(21): warning C4244: 'initializing' : conversion from 'Uint32' to 'float', possible loss of data
     1>Timing.cpp(47): warning C4244: 'initializing' : conversion from 'Uint32' to 'float', possible loss of data
     1>Timing.cpp(50): warning C4244: 'argument' : conversion from 'float' to 'Uint32', possible loss of data
         Window.cpp
       Lib:
         D:\VS\VC\bin\Lib.exe /OUT:"F:\PULCHOWK MAGIC\VS\OGLT\lesson1\introduction\Release\Bengine.lib" glew32.lib SDL2.lib SDL2main.lib SDL2test.lib OpenGL32.lib /LIBPATH:"F:\PULCHOWK MAGIC\VS\OGLT\lesson1\introduction\deps\lib\engineLib" /NOLOGO /LTCG Release\AudioEngine.obj
         Release\Bengine.obj
         Release\Bullet1.obj
         Release\Camera2D.obj
         Release\Error.obj
         Release\GLSL.obj
         Release\GUI.obj
         Release\imageLoader.obj
         Release\InputManager.obj
         Release\IOManager.obj
         Release\picoPNG.obj
         Release\ResourceManager.obj
         Release\Sprite.obj
         Release\SpriteBatch.obj
         Release\SpriteFont.obj
         Release\TextureCache.obj
         Release\Timing.obj
         Release\Window.obj
     1>SDL2.lib(SDL2.dll) : warning LNK4006: __NULL_IMPORT_DESCRIPTOR already defined in glew32.lib(glew32.dll); second definition ignored
     1>OpenGL32.lib(OPENGL32.dll) : warning LNK4006: __NULL_IMPORT_DESCRIPTOR already defined in glew32.lib(glew32.dll); second definition ignored
         Bengine.vcxproj -> F:\PULCHOWK MAGIC\VS\OGLT\lesson1\introduction\Release\Bengine.lib
     1>Done Building Project "F:\PULCHOWK MAGIC\VS\OGLT\lesson1\introduction\Bengine\Bengine.vcxproj" (Rebuild target(s)).

Build succeeded.

Time Elapsed 00:00:15.74
