f:\pulchowk magic\vs\oglt\lesson1\introduction\bengine\release\vc120.pdb
f:\pulchowk magic\vs\oglt\lesson1\introduction\bengine\release\window.obj
f:\pulchowk magic\vs\oglt\lesson1\introduction\bengine\release\timing.obj
f:\pulchowk magic\vs\oglt\lesson1\introduction\bengine\release\texturecache.obj
f:\pulchowk magic\vs\oglt\lesson1\introduction\bengine\release\spritefont.obj
f:\pulchowk magic\vs\oglt\lesson1\introduction\bengine\release\spritebatch.obj
f:\pulchowk magic\vs\oglt\lesson1\introduction\bengine\release\sprite.obj
f:\pulchowk magic\vs\oglt\lesson1\introduction\bengine\release\resourcemanager.obj
f:\pulchowk magic\vs\oglt\lesson1\introduction\bengine\release\picopng.obj
f:\pulchowk magic\vs\oglt\lesson1\introduction\bengine\release\iomanager.obj
f:\pulchowk magic\vs\oglt\lesson1\introduction\bengine\release\inputmanager.obj
f:\pulchowk magic\vs\oglt\lesson1\introduction\bengine\release\imageloader.obj
f:\pulchowk magic\vs\oglt\lesson1\introduction\bengine\release\gui.obj
f:\pulchowk magic\vs\oglt\lesson1\introduction\bengine\release\glsl.obj
f:\pulchowk magic\vs\oglt\lesson1\introduction\bengine\release\error.obj
f:\pulchowk magic\vs\oglt\lesson1\introduction\bengine\release\camera2d.obj
f:\pulchowk magic\vs\oglt\lesson1\introduction\bengine\release\bullet1.obj
f:\pulchowk magic\vs\oglt\lesson1\introduction\bengine\release\bengine.obj
f:\pulchowk magic\vs\oglt\lesson1\introduction\bengine\release\audioengine.obj
f:\pulchowk magic\vs\oglt\lesson1\introduction\release\bengine.lib
f:\pulchowk magic\vs\oglt\lesson1\introduction\bengine\release\bengine.tlog\cl.command.1.tlog
f:\pulchowk magic\vs\oglt\lesson1\introduction\bengine\release\bengine.tlog\cl.read.1.tlog
f:\pulchowk magic\vs\oglt\lesson1\introduction\bengine\release\bengine.tlog\cl.write.1.tlog
f:\pulchowk magic\vs\oglt\lesson1\introduction\bengine\release\bengine.tlog\lib-link.read.1.tlog
f:\pulchowk magic\vs\oglt\lesson1\introduction\bengine\release\bengine.tlog\lib-link.write.1.tlog
f:\pulchowk magic\vs\oglt\lesson1\introduction\bengine\release\bengine.tlog\lib.command.1.tlog
