f:\pulchowk magic\vs\oglt\lesson1\introduction\bengine\debug\vc120.pdb
f:\pulchowk magic\vs\oglt\lesson1\introduction\bengine\debug\vc120.idb
f:\pulchowk magic\vs\oglt\lesson1\introduction\bengine\debug\audioengine.obj
f:\pulchowk magic\vs\oglt\lesson1\introduction\bengine\debug\bengine.obj
f:\pulchowk magic\vs\oglt\lesson1\introduction\bengine\debug\bullet1.obj
f:\pulchowk magic\vs\oglt\lesson1\introduction\bengine\debug\camera2d.obj
f:\pulchowk magic\vs\oglt\lesson1\introduction\bengine\debug\error.obj
f:\pulchowk magic\vs\oglt\lesson1\introduction\bengine\debug\glsl.obj
f:\pulchowk magic\vs\oglt\lesson1\introduction\bengine\debug\gui.obj
f:\pulchowk magic\vs\oglt\lesson1\introduction\bengine\debug\imageloader.obj
f:\pulchowk magic\vs\oglt\lesson1\introduction\bengine\debug\inputmanager.obj
f:\pulchowk magic\vs\oglt\lesson1\introduction\bengine\debug\iomanager.obj
f:\pulchowk magic\vs\oglt\lesson1\introduction\bengine\debug\picopng.obj
f:\pulchowk magic\vs\oglt\lesson1\introduction\bengine\debug\resourcemanager.obj
f:\pulchowk magic\vs\oglt\lesson1\introduction\bengine\debug\sprite.obj
f:\pulchowk magic\vs\oglt\lesson1\introduction\bengine\debug\spritebatch.obj
f:\pulchowk magic\vs\oglt\lesson1\introduction\bengine\debug\spritefont.obj
f:\pulchowk magic\vs\oglt\lesson1\introduction\bengine\debug\texturecache.obj
f:\pulchowk magic\vs\oglt\lesson1\introduction\bengine\debug\timing.obj
f:\pulchowk magic\vs\oglt\lesson1\introduction\bengine\debug\window.obj
f:\pulchowk magic\vs\oglt\lesson1\introduction\debug\bengine.lib
f:\pulchowk magic\vs\oglt\lesson1\introduction\bengine\debug\bengine.tlog\cl.command.1.tlog
f:\pulchowk magic\vs\oglt\lesson1\introduction\bengine\debug\bengine.tlog\cl.read.1.tlog
f:\pulchowk magic\vs\oglt\lesson1\introduction\bengine\debug\bengine.tlog\cl.write.1.tlog
f:\pulchowk magic\vs\oglt\lesson1\introduction\bengine\debug\bengine.tlog\lib-link.read.1.tlog
f:\pulchowk magic\vs\oglt\lesson1\introduction\bengine\debug\bengine.tlog\lib-link.write.1.tlog
f:\pulchowk magic\vs\oglt\lesson1\introduction\bengine\debug\bengine.tlog\lib.command.1.tlog
