14/03/2016 22:07:47 (Std) 	+-+-+-+-+-+-+-+-+-+-+-+-+-+-+-+-+-+-+-+-+-+-+-+-+-+-+-+-+-+-+-+-+-+-+-+-+-+-+-+
14/03/2016 22:07:47 (Std) 	+                     Crazy Eddie's GUI System - Event log                    +
14/03/2016 22:07:47 (Std) 	+                          (http://www.cegui.org.uk/)                         +
14/03/2016 22:07:47 (Std) 	+-+-+-+-+-+-+-+-+-+-+-+-+-+-+-+-+-+-+-+-+-+-+-+-+-+-+-+-+-+-+-+-+-+-+-+-+-+-+-+

14/03/2016 22:07:47 (Std) 	CEGUI::Logger singleton created. (055B32D0)
14/03/2016 22:07:47 (Std) 	
14/03/2016 22:07:47 (Std) 	********************************************************************************
14/03/2016 22:07:47 (Std) 	* Important:                                                                   *
14/03/2016 22:07:47 (Std) 	*     To get support at the CEGUI forums, you must post _at least_ the section *
14/03/2016 22:07:47 (Std) 	*     of this log file indicated below.  Failure to do this will result in no  *
14/03/2016 22:07:47 (Std) 	*     support being given; please do not waste our time.                       *
14/03/2016 22:07:47 (Std) 	********************************************************************************
14/03/2016 22:07:47 (Std) 	********************************************************************************
14/03/2016 22:07:47 (Std) 	* -------- START OF ESSENTIAL SECTION TO BE POSTED ON THE FORUM       -------- *
14/03/2016 22:07:47 (Std) 	********************************************************************************
14/03/2016 22:07:47 (Std) 	---- Version: 0.8.5 (Build: Mar 13 2016 Microsoft Windows MSVC++ 12.0 (2013) 32 bit) ----
14/03/2016 22:07:47 (Std) 	---- Renderer module is: CEGUI::OpenGL3Renderer - Official OpenGL 3.2 core based renderer module.  TextureTarget support enabled via FBO OGL 3.2 core implementation. ----
14/03/2016 22:07:47 (Std) 	---- XML Parser module is: CEGUI::ExpatParser - Official expat based parser module for CEGUI ----
14/03/2016 22:07:47 (Std) 	---- Image Codec module is: SILLYImageCodec - Official SILLY based image codec ----
14/03/2016 22:07:47 (Std) 	---- Scripting module is: None ----
14/03/2016 22:07:47 (Std) 	********************************************************************************
14/03/2016 22:07:47 (Std) 	* -------- END OF ESSENTIAL SECTION TO BE POSTED ON THE FORUM         -------- *
14/03/2016 22:07:47 (Std) 	********************************************************************************
14/03/2016 22:07:47 (Std) 	
14/03/2016 22:07:47 (Std) 	---- Begining CEGUI System initialisation ----
14/03/2016 22:07:47 (Std) 	[CEGUI::ImageManager] Singleton created (0558F9A8)
14/03/2016 22:07:47 (Std) 	[CEGUI::ImageManager] Registered Image type: BasicImage
14/03/2016 22:07:47 (Std) 	CEGUI::FontManager singleton created. (055AF290)
14/03/2016 22:07:47 (Std) 	CEGUI::WindowFactoryManager singleton created
14/03/2016 22:07:47 (Std) 	CEGUI::WindowManager singleton created (05594618)
14/03/2016 22:07:47 (Std) 	CEGUI::SchemeManager singleton created. (055AFB88)
14/03/2016 22:07:47 (Std) 	CEGUI::GlobalEventSet singleton created. (055940A8)
14/03/2016 22:07:47 (Std) 	CEGUI::AnimationManager singleton created (0558CAC8)
14/03/2016 22:07:47 (Std) 	CEGUI::WidgetLookManager singleton created. (055AF750)
14/03/2016 22:07:47 (Std) 	CEGUI::WindowRendererManager singleton created (05590758)
14/03/2016 22:07:47 (Std) 	CEGUI::RenderEffectManager singleton created (055A9418)
14/03/2016 22:07:47 (Std) 	Created WindowFactory for 'DefaultWindow' windows.
14/03/2016 22:07:47 (Std) 	WindowFactory for 'DefaultWindow' windows added. (05593A90)
14/03/2016 22:07:47 (Std) 	Created WindowFactory for 'DragContainer' windows.
14/03/2016 22:07:47 (Std) 	WindowFactory for 'DragContainer' windows added. (055AAE20)
14/03/2016 22:07:47 (Std) 	Created WindowFactory for 'ScrolledContainer' windows.
14/03/2016 22:07:47 (Std) 	WindowFactory for 'ScrolledContainer' windows added. (055AAFA0)
14/03/2016 22:07:47 (Std) 	Created WindowFactory for 'ClippedContainer' windows.
14/03/2016 22:07:47 (Std) 	WindowFactory for 'ClippedContainer' windows added. (055AB120)
14/03/2016 22:07:47 (Std) 	Created WindowFactory for 'CEGUI/PushButton' windows.
14/03/2016 22:07:47 (Std) 	WindowFactory for 'CEGUI/PushButton' windows added. (055AB2A0)
14/03/2016 22:07:47 (Std) 	Created WindowFactory for 'CEGUI/RadioButton' windows.
14/03/2016 22:07:47 (Std) 	WindowFactory for 'CEGUI/RadioButton' windows added. (055AB420)
14/03/2016 22:07:47 (Std) 	Created WindowFactory for 'CEGUI/Combobox' windows.
14/03/2016 22:07:47 (Std) 	WindowFactory for 'CEGUI/Combobox' windows added. (055AB5A0)
14/03/2016 22:07:47 (Std) 	Created WindowFactory for 'CEGUI/ComboDropList' windows.
14/03/2016 22:07:47 (Std) 	WindowFactory for 'CEGUI/ComboDropList' windows added. (055AB760)
14/03/2016 22:07:47 (Std) 	Created WindowFactory for 'CEGUI/Editbox' windows.
14/03/2016 22:07:47 (Std) 	WindowFactory for 'CEGUI/Editbox' windows added. (055AB958)
14/03/2016 22:07:47 (Std) 	Created WindowFactory for 'CEGUI/FrameWindow' windows.
14/03/2016 22:07:47 (Std) 	WindowFactory for 'CEGUI/FrameWindow' windows added. (055ABC10)
14/03/2016 22:07:47 (Std) 	Created WindowFactory for 'CEGUI/ItemEntry' windows.
14/03/2016 22:07:47 (Std) 	WindowFactory for 'CEGUI/ItemEntry' windows added. (055ABD98)
14/03/2016 22:07:47 (Std) 	Created WindowFactory for 'CEGUI/Listbox' windows.
14/03/2016 22:07:47 (Std) 	WindowFactory for 'CEGUI/Listbox' windows added. (055ABF18)
14/03/2016 22:07:47 (Std) 	Created WindowFactory for 'CEGUI/ListHeader' windows.
14/03/2016 22:07:47 (Std) 	WindowFactory for 'CEGUI/ListHeader' windows added. (055ABFD0)
14/03/2016 22:07:47 (Std) 	Created WindowFactory for 'CEGUI/ListHeaderSegment' windows.
14/03/2016 22:07:47 (Std) 	WindowFactory for 'CEGUI/ListHeaderSegment' windows added. (055AC150)
14/03/2016 22:07:47 (Std) 	Created WindowFactory for 'CEGUI/Menubar' windows.
14/03/2016 22:07:47 (Std) 	WindowFactory for 'CEGUI/Menubar' windows added. (055AC2D0)
14/03/2016 22:07:47 (Std) 	Created WindowFactory for 'CEGUI/PopupMenu' windows.
14/03/2016 22:07:48 (Std) 	WindowFactory for 'CEGUI/PopupMenu' windows added. (055AC450)
14/03/2016 22:07:48 (Std) 	Created WindowFactory for 'CEGUI/MenuItem' windows.
14/03/2016 22:07:48 (Std) 	WindowFactory for 'CEGUI/MenuItem' windows added. (055AC5D0)
14/03/2016 22:07:48 (Std) 	Created WindowFactory for 'CEGUI/MultiColumnList' windows.
14/03/2016 22:07:48 (Std) 	WindowFactory for 'CEGUI/MultiColumnList' windows added. (055AC750)
14/03/2016 22:07:48 (Std) 	Created WindowFactory for 'CEGUI/MultiLineEditbox' windows.
14/03/2016 22:07:48 (Std) 	WindowFactory for 'CEGUI/MultiLineEditbox' windows added. (055AC8D0)
14/03/2016 22:07:48 (Std) 	Created WindowFactory for 'CEGUI/ProgressBar' windows.
14/03/2016 22:07:48 (Std) 	WindowFactory for 'CEGUI/ProgressBar' windows added. (055ACA50)
14/03/2016 22:07:48 (Std) 	Created WindowFactory for 'CEGUI/ScrollablePane' windows.
14/03/2016 22:07:48 (Std) 	WindowFactory for 'CEGUI/ScrollablePane' windows added. (055ACC58)
14/03/2016 22:07:48 (Std) 	Created WindowFactory for 'CEGUI/Scrollbar' windows.
14/03/2016 22:07:48 (Std) 	WindowFactory for 'CEGUI/Scrollbar' windows added. (055B5400)
14/03/2016 22:07:48 (Std) 	Created WindowFactory for 'CEGUI/Slider' windows.
14/03/2016 22:07:48 (Std) 	WindowFactory for 'CEGUI/Slider' windows added. (055B5580)
14/03/2016 22:07:48 (Std) 	Created WindowFactory for 'CEGUI/Spinner' windows.
14/03/2016 22:07:48 (Std) 	WindowFactory for 'CEGUI/Spinner' windows added. (055B5700)
14/03/2016 22:07:48 (Std) 	Created WindowFactory for 'CEGUI/TabButton' windows.
14/03/2016 22:07:48 (Std) 	WindowFactory for 'CEGUI/TabButton' windows added. (055B5880)
14/03/2016 22:07:48 (Std) 	Created WindowFactory for 'CEGUI/TabControl' windows.
14/03/2016 22:07:48 (Std) 	WindowFactory for 'CEGUI/TabControl' windows added. (055B5A00)
14/03/2016 22:07:48 (Std) 	Created WindowFactory for 'CEGUI/Thumb' windows.
14/03/2016 22:07:48 (Std) 	WindowFactory for 'CEGUI/Thumb' windows added. (055B5B80)
14/03/2016 22:07:48 (Std) 	Created WindowFactory for 'CEGUI/Titlebar' windows.
14/03/2016 22:07:48 (Std) 	WindowFactory for 'CEGUI/Titlebar' windows added. (055B5D00)
14/03/2016 22:07:48 (Std) 	Created WindowFactory for 'CEGUI/ToggleButton' windows.
14/03/2016 22:07:48 (Std) 	WindowFactory for 'CEGUI/ToggleButton' windows added. (055B5E80)
14/03/2016 22:07:48 (Std) 	Created WindowFactory for 'CEGUI/Tooltip' windows.
14/03/2016 22:07:48 (Std) 	WindowFactory for 'CEGUI/Tooltip' windows added. (055B60C0)
14/03/2016 22:07:48 (Std) 	Created WindowFactory for 'CEGUI/ItemListbox' windows.
14/03/2016 22:07:48 (Std) 	WindowFactory for 'CEGUI/ItemListbox' windows added. (055B6240)
14/03/2016 22:07:48 (Std) 	Created WindowFactory for 'CEGUI/GroupBox' windows.
14/03/2016 22:07:48 (Std) 	WindowFactory for 'CEGUI/GroupBox' windows added. (055B63C0)
14/03/2016 22:07:48 (Std) 	Created WindowFactory for 'CEGUI/Tree' windows.
14/03/2016 22:07:48 (Std) 	WindowFactory for 'CEGUI/Tree' windows added. (055B6540)
14/03/2016 22:07:48 (Std) 	Created WindowFactory for 'LayoutCell' windows.
14/03/2016 22:07:48 (Std) 	WindowFactory for 'LayoutCell' windows added. (055B66C0)
14/03/2016 22:07:48 (Std) 	Created WindowFactory for 'HorizontalLayoutContainer' windows.
14/03/2016 22:07:48 (Std) 	WindowFactory for 'HorizontalLayoutContainer' windows added. (055B6840)
14/03/2016 22:07:48 (Std) 	Created WindowFactory for 'VerticalLayoutContainer' windows.
14/03/2016 22:07:48 (Std) 	WindowFactory for 'VerticalLayoutContainer' windows added. (055B69C0)
14/03/2016 22:07:48 (Std) 	Created WindowFactory for 'GridLayoutContainer' windows.
14/03/2016 22:07:48 (Std) 	WindowFactory for 'GridLayoutContainer' windows added. (055B6B40)
14/03/2016 22:07:48 (Std) 	CEGUI::System singleton created. (055A8B58)
14/03/2016 22:07:48 (Std) 	---- CEGUI System initialisation completed ----
14/03/2016 22:07:48 (Std) 	
14/03/2016 22:07:48 (Std) 	Started creation of Scheme from XML specification:
14/03/2016 22:07:48 (Std) 	---- CEGUI GUIScheme name: TaharezLook
14/03/2016 22:07:48 (Std) 	[ImageManager] Started creation of Imageset from XML specification:
14/03/2016 22:07:48 (Std) 	[ImageManager] ---- CEGUI Imageset name: TaharezLook
14/03/2016 22:07:48 (Std) 	[ImageManager] ---- Source texture file: TaharezLook.png
14/03/2016 22:07:48 (Std) 	[ImageManager] ---- Source texture resource group: (Default)
14/03/2016 22:07:48 (Std) 	[OpenGLRenderer] Created texture: TaharezLook
14/03/2016 22:07:48 (Std) 	[ImageManager] Created image: 'TaharezLook/ClientBrush' (0563E970) of type: BasicImage
14/03/2016 22:07:48 (Std) 	[ImageManager] Created image: 'TaharezLook/GenericBrush' (0563EED8) of type: BasicImage
14/03/2016 22:07:48 (Std) 	[ImageManager] Created image: 'TaharezLook/WindowLeftEdge' (0563F600) of type: BasicImage
14/03/2016 22:07:48 (Std) 	[ImageManager] Created image: 'TaharezLook/WindowRightEdge' (0563E6C0) of type: BasicImage
14/03/2016 22:07:48 (Std) 	[ImageManager] Created image: 'TaharezLook/WindowTopEdge' (0563E410) of type: BasicImage
14/03/2016 22:07:48 (Std) 	[ImageManager] Created image: 'TaharezLook/WindowBottomEdge' (0563F7C8) of type: BasicImage
14/03/2016 22:07:48 (Std) 	[ImageManager] Created image: 'TaharezLook/WindowTopLeft' (0563F8C8) of type: BasicImage
14/03/2016 22:07:48 (Std) 	[ImageManager] Created image: 'TaharezLook/WindowTopRight' (0563FA90) of type: BasicImage
14/03/2016 22:07:48 (Std) 	[ImageManager] Created image: 'TaharezLook/WindowBottomLeft' (0563F350) of type: BasicImage
14/03/2016 22:07:48 (Std) 	[ImageManager] Created image: 'TaharezLook/WindowBottomRight' (0563FE40) of type: BasicImage
14/03/2016 22:07:48 (Std) 	[ImageManager] Created image: 'TaharezLook/ButtonLeftNormal' (0563FF40) of type: BasicImage
14/03/2016 22:07:48 (Std) 	[ImageManager] Created image: 'TaharezLook/ButtonMiddleNormal' (05640108) of type: BasicImage
14/03/2016 22:07:48 (Std) 	[ImageManager] Created image: 'TaharezLook/ButtonRightNormal' (056402D0) of type: BasicImage
14/03/2016 22:07:48 (Std) 	[ImageManager] Created image: 'TaharezLook/ButtonLeftPushed' (05640498) of type: BasicImage
14/03/2016 22:07:48 (Std) 	[ImageManager] Created image: 'TaharezLook/ButtonMiddlePushed' (05640660) of type: BasicImage
14/03/2016 22:07:48 (Std) 	[ImageManager] Created image: 'TaharezLook/ButtonRightPushed' (05640828) of type: BasicImage
14/03/2016 22:07:48 (Std) 	[ImageManager] Created image: 'TaharezLook/ButtonLeftHighlight' (056409F0) of type: BasicImage
14/03/2016 22:07:48 (Std) 	[ImageManager] Created image: 'TaharezLook/ButtonMiddleHighlight' (05640D10) of type: BasicImage
14/03/2016 22:07:48 (Std) 	[ImageManager] Created image: 'TaharezLook/ButtonRightHighlight' (055A3DA8) of type: BasicImage
14/03/2016 22:07:48 (Std) 	[ImageManager] Created image: 'TaharezLook/CheckboxNormal' (05641228) of type: BasicImage
14/03/2016 22:07:48 (Std) 	[ImageManager] Created image: 'TaharezLook/CheckboxHover' (056413F0) of type: BasicImage
14/03/2016 22:07:48 (Std) 	[ImageManager] Created image: 'TaharezLook/CheckboxMark' (0563E160) of type: BasicImage
14/03/2016 22:07:48 (Std) 	[ImageManager] Created image: 'TaharezLook/RadioButtonNormal' (056417A0) of type: BasicImage
14/03/2016 22:07:48 (Std) 	[ImageManager] Created image: 'TaharezLook/RadioButtonHover' (05641968) of type: BasicImage
14/03/2016 22:07:48 (Std) 	[ImageManager] Created image: 'TaharezLook/RadioButtonMark' (05641B30) of type: BasicImage
14/03/2016 22:07:48 (Std) 	[ImageManager] Created image: 'TaharezLook/TitlebarLeft' (0559D490) of type: BasicImage
14/03/2016 22:07:48 (Std) 	[ImageManager] Created image: 'TaharezLook/TitlebarMiddle' (0559E510) of type: BasicImage
14/03/2016 22:07:48 (Std) 	[ImageManager] Created image: 'TaharezLook/TitlebarRight' (0559E610) of type: BasicImage
14/03/2016 22:07:48 (Std) 	[ImageManager] Created image: 'TaharezLook/NewTitlebarLeft' (0559E710) of type: BasicImage
14/03/2016 22:07:48 (Std) 	[ImageManager] Created image: 'TaharezLook/NewTitlebarMiddle' (0559E8D8) of type: BasicImage
14/03/2016 22:07:48 (Std) 	[ImageManager] Created image: 'TaharezLook/NewTitlebarRight' (0559EAA0) of type: BasicImage
14/03/2016 22:07:48 (Std) 	[ImageManager] Created image: 'TaharezLook/SysAreaMiddle' (0559EC68) of type: BasicImage
14/03/2016 22:07:48 (Std) 	[ImageManager] Created image: 'TaharezLook/SysAreaRight' (0559EE30) of type: BasicImage
14/03/2016 22:07:48 (Std) 	[ImageManager] Created image: 'TaharezLook/StaticLeft' (0559EFF8) of type: BasicImage
14/03/2016 22:07:48 (Std) 	[ImageManager] Created image: 'TaharezLook/StaticRight' (0559F1C0) of type: BasicImage
14/03/2016 22:07:48 (Std) 	[ImageManager] Created image: 'TaharezLook/StaticTop' (0559F388) of type: BasicImage
14/03/2016 22:07:48 (Std) 	[ImageManager] Created image: 'TaharezLook/StaticBottom' (0559F550) of type: BasicImage
14/03/2016 22:07:48 (Std) 	[ImageManager] Created image: 'TaharezLook/StaticTopLeft' (0559F718) of type: BasicImage
14/03/2016 22:07:48 (Std) 	[ImageManager] Created image: 'TaharezLook/StaticTopRight' (0559F8E0) of type: BasicImage
14/03/2016 22:07:48 (Std) 	[ImageManager] Created image: 'TaharezLook/StaticBottomLeft' (0559FAA8) of type: BasicImage
14/03/2016 22:07:48 (Std) 	[ImageManager] Created image: 'TaharezLook/StaticBottomRight' (0559FC70) of type: BasicImage
14/03/2016 22:07:48 (Std) 	[ImageManager] Created image: 'TaharezLook/StaticBackdrop' (0559FE38) of type: BasicImage
14/03/2016 22:07:48 (Std) 	[ImageManager] Created image: 'TaharezLook/ProgressBarLeft' (055A0000) of type: BasicImage
14/03/2016 22:07:48 (Std) 	[ImageManager] Created image: 'TaharezLook/ProgressBarMiddle' (055A01C8) of type: BasicImage
14/03/2016 22:07:48 (Std) 	[ImageManager] Created image: 'TaharezLook/ProgressBarRight' (055A0390) of type: BasicImage
14/03/2016 22:07:48 (Std) 	[ImageManager] Created image: 'TaharezLook/ProgressBarDimSegment' (055A06B0) of type: BasicImage
14/03/2016 22:07:48 (Std) 	[ImageManager] Created image: 'TaharezLook/ProgressBarLitSegment' (05641E50) of type: BasicImage
14/03/2016 22:07:48 (Std) 	[ImageManager] Created image: 'TaharezLook/EditBoxLeft' (055A0D60) of type: BasicImage
14/03/2016 22:07:48 (Std) 	[ImageManager] Created image: 'TaharezLook/EditBoxMiddle' (055A0F28) of type: BasicImage
14/03/2016 22:07:48 (Std) 	[ImageManager] Created image: 'TaharezLook/EditBoxRight' (055A10F0) of type: BasicImage
14/03/2016 22:07:48 (Std) 	[ImageManager] Created image: 'TaharezLook/EditBoxCaret' (055A12B8) of type: BasicImage
14/03/2016 22:07:48 (Std) 	[ImageManager] Created image: 'TaharezLook/SpinnerUpNormal' (055A1480) of type: BasicImage
14/03/2016 22:07:48 (Std) 	[ImageManager] Created image: 'TaharezLook/SpinnerDownNormal' (055A1648) of type: BasicImage
14/03/2016 22:07:48 (Std) 	[ImageManager] Created image: 'TaharezLook/SpinnerUpHover' (055A1810) of type: BasicImage
14/03/2016 22:07:48 (Std) 	[ImageManager] Created image: 'TaharezLook/SpinnerDownHover' (055A19D8) of type: BasicImage
14/03/2016 22:07:48 (Std) 	[ImageManager] Created image: 'TaharezLook/TextSelectionBrush' (055A1BA0) of type: BasicImage
14/03/2016 22:07:48 (Std) 	[ImageManager] Created image: 'TaharezLook/VertScrollTop' (055A1D68) of type: BasicImage
14/03/2016 22:07:48 (Std) 	[ImageManager] Created image: 'TaharezLook/VertScrollMiddle' (0556ABF0) of type: BasicImage
14/03/2016 22:07:48 (Std) 	[ImageManager] Created image: 'TaharezLook/VertScrollBottom' (0556ADB8) of type: BasicImage
14/03/2016 22:07:48 (Std) 	[ImageManager] Created image: 'TaharezLook/VertScrollBarSegment' (0556AF80) of type: BasicImage
14/03/2016 22:07:48 (Std) 	[ImageManager] Created image: 'TaharezLook/VertScrollThumbNormal' (0556B288) of type: BasicImage
14/03/2016 22:07:48 (Std) 	[ImageManager] Created image: 'TaharezLook/VertScrollThumbHover' (0556B5B0) of type: BasicImage
14/03/2016 22:07:48 (Std) 	[ImageManager] Created image: 'TaharezLook/VertScrollUpNormal' (0556B8E0) of type: BasicImage
14/03/2016 22:07:48 (Std) 	[ImageManager] Created image: 'TaharezLook/VertScrollDownNormal' (0556BB38) of type: BasicImage
14/03/2016 22:07:48 (Std) 	[ImageManager] Created image: 'TaharezLook/VertScrollUpHover' (0556BDA0) of type: BasicImage
14/03/2016 22:07:48 (Std) 	[ImageManager] Created image: 'TaharezLook/VertScrollDownHover' (0556C028) of type: BasicImage
14/03/2016 22:07:48 (Std) 	[ImageManager] Created image: 'TaharezLook/MiniVertScrollBarSegment' (0556C348) of type: BasicImage
14/03/2016 22:07:48 (Std) 	[ImageManager] Created image: 'TaharezLook/MiniVertScrollThumbNormal' (0556C670) of type: BasicImage
14/03/2016 22:07:48 (Std) 	[ImageManager] Created image: 'TaharezLook/MiniVertScrollThumbTopNormal' (0556CB98) of type: BasicImage
14/03/2016 22:07:48 (Std) 	[ImageManager] Created image: 'TaharezLook/MiniVertScrollThumbMiddleNormal' (0556CA40) of type: BasicImage
14/03/2016 22:07:48 (Std) 	[ImageManager] Created image: 'TaharezLook/MiniVertScrollThumbBottomNormal' (0556D138) of type: BasicImage
14/03/2016 22:07:48 (Std) 	[ImageManager] Created image: 'TaharezLook/MiniVertScrollThumbTopHover' (0556D490) of type: BasicImage
14/03/2016 22:07:48 (Std) 	[ImageManager] Created image: 'TaharezLook/MiniVertScrollThumbMiddleHover' (0556D7C8) of type: BasicImage
14/03/2016 22:07:48 (Std) 	[ImageManager] Created image: 'TaharezLook/MiniVertScrollThumbBottomHover' (0556DB20) of type: BasicImage
14/03/2016 22:07:48 (Std) 	[ImageManager] Created image: 'TaharezLook/MiniVertScrollThumbHover' (0556DE78) of type: BasicImage
14/03/2016 22:07:48 (Std) 	[ImageManager] Created image: 'TaharezLook/MiniVertScrollUpNormal' (05641648) of type: BasicImage
14/03/2016 22:07:48 (Std) 	[ImageManager] Created image: 'TaharezLook/MiniVertScrollDownNormal' (0556E3B8) of type: BasicImage
14/03/2016 22:07:48 (Std) 	[ImageManager] Created image: 'TaharezLook/MiniVertScrollUpHover' (0556E6E0) of type: BasicImage
14/03/2016 22:07:48 (Std) 	[ImageManager] Created image: 'TaharezLook/MiniVertScrollDownHover' (0556EA00) of type: BasicImage
14/03/2016 22:07:48 (Std) 	[ImageManager] Created image: 'TaharezLook/VertSliderBody' (0563ECB8) of type: BasicImage
14/03/2016 22:07:48 (Std) 	[ImageManager] Created image: 'TaharezLook/VertSliderThumbNormal' (0556EF38) of type: BasicImage
14/03/2016 22:07:48 (Std) 	[ImageManager] Created image: 'TaharezLook/VertSliderThumbHover' (0556F100) of type: BasicImage
14/03/2016 22:07:48 (Std) 	[ImageManager] Created image: 'TaharezLook/MiniHorzScrollBarSegment' (0556F6B8) of type: BasicImage
14/03/2016 22:07:48 (Std) 	[ImageManager] Created image: 'TaharezLook/MiniHorzScrollThumbNormal' (0556F9E0) of type: BasicImage
14/03/2016 22:07:48 (Std) 	[ImageManager] Created image: 'TaharezLook/MiniHorzScrollThumbLeftNormal' (05580A98) of type: BasicImage
14/03/2016 22:07:48 (Std) 	[ImageManager] Created image: 'TaharezLook/MiniHorzScrollThumbMiddleNormal' (05580940) of type: BasicImage
14/03/2016 22:07:48 (Std) 	[ImageManager] Created image: 'TaharezLook/MiniHorzScrollThumbRightNormal' (05581038) of type: BasicImage
14/03/2016 22:07:48 (Std) 	[ImageManager] Created image: 'TaharezLook/MiniHorzScrollThumbHover' (0563F1F8) of type: BasicImage
14/03/2016 22:07:48 (Std) 	[ImageManager] Created image: 'TaharezLook/MiniHorzScrollThumbLeftHover' (05581710) of type: BasicImage
14/03/2016 22:07:48 (Std) 	[ImageManager] Created image: 'TaharezLook/MiniHorzScrollThumbMiddleHover' (05581A58) of type: BasicImage
14/03/2016 22:07:48 (Std) 	[ImageManager] Created image: 'TaharezLook/MiniHorzScrollThumbRightHover' (05581DB0) of type: BasicImage
14/03/2016 22:07:48 (Std) 	[ImageManager] Created image: 'TaharezLook/MiniHorzScrollLeftNormal' (055815B8) of type: BasicImage
14/03/2016 22:07:48 (Std) 	[ImageManager] Created image: 'TaharezLook/MiniHorzScrollRightNormal' (05582320) of type: BasicImage
14/03/2016 22:07:48 (Std) 	[ImageManager] Created image: 'TaharezLook/MiniHorzScrollLeftHover' (05582648) of type: BasicImage
14/03/2016 22:07:48 (Std) 	[ImageManager] Created image: 'TaharezLook/MiniHorzScrollRightHover' (05582A10) of type: BasicImage
14/03/2016 22:07:48 (Std) 	[ImageManager] Created image: 'TaharezLook/ListboxLeft' (055828B8) of type: BasicImage
14/03/2016 22:07:48 (Std) 	[ImageManager] Created image: 'TaharezLook/ListboxRight' (05582E00) of type: BasicImage
14/03/2016 22:07:48 (Std) 	[ImageManager] Created image: 'TaharezLook/ListboxTop' (05582FC8) of type: BasicImage
14/03/2016 22:07:48 (Std) 	[ImageManager] Created image: 'TaharezLook/ListboxBottom' (05583190) of type: BasicImage
14/03/2016 22:07:48 (Std) 	[ImageManager] Created image: 'TaharezLook/ListboxTopLeft' (05583358) of type: BasicImage
14/03/2016 22:07:48 (Std) 	[ImageManager] Created image: 'TaharezLook/ListboxTopRight' (05583520) of type: BasicImage
14/03/2016 22:07:48 (Std) 	[ImageManager] Created image: 'TaharezLook/ListboxBottomLeft' (055836E8) of type: BasicImage
14/03/2016 22:07:48 (Std) 	[ImageManager] Created image: 'TaharezLook/ListboxBottomRight' (055838B0) of type: BasicImage
14/03/2016 22:07:48 (Std) 	[ImageManager] Created image: 'TaharezLook/ListboxBackdrop' (05583A78) of type: BasicImage
14/03/2016 22:07:48 (Std) 	[ImageManager] Created image: 'TaharezLook/ListboxSelectionBrush' (05583C40) of type: BasicImage
14/03/2016 22:07:48 (Std) 	[ImageManager] Created image: 'TaharezLook/ComboboxEditLeft' (05583E08) of type: BasicImage
14/03/2016 22:07:48 (Std) 	[ImageManager] Created image: 'TaharezLook/ComboboxEditMiddle' (05583FD0) of type: BasicImage
14/03/2016 22:07:48 (Std) 	[ImageManager] Created image: 'TaharezLook/ComboboxListButtonNormal' (05584448) of type: BasicImage
14/03/2016 22:07:48 (Std) 	[ImageManager] Created image: 'TaharezLook/ComboboxListButtonHover' (055842F0) of type: BasicImage
14/03/2016 22:07:48 (Std) 	[ImageManager] Created image: 'TaharezLook/ComboboxListLeft' (05584198) of type: BasicImage
14/03/2016 22:07:48 (Std) 	[ImageManager] Created image: 'TaharezLook/ComboboxListRight' (05584A50) of type: BasicImage
14/03/2016 22:07:48 (Std) 	[ImageManager] Created image: 'TaharezLook/ComboboxListTop' (05584C18) of type: BasicImage
14/03/2016 22:07:48 (Std) 	[ImageManager] Created image: 'TaharezLook/ComboboxListBottom' (05584DE0) of type: BasicImage
14/03/2016 22:07:48 (Std) 	[ImageManager] Created image: 'TaharezLook/ComboboxListTopLeft' (05584FA8) of type: BasicImage
14/03/2016 22:07:48 (Std) 	[ImageManager] Created image: 'TaharezLook/ComboboxListTopRight' (05585170) of type: BasicImage
14/03/2016 22:07:48 (Std) 	[ImageManager] Created image: 'TaharezLook/ComboboxListBottomLeft' (055855D0) of type: BasicImage
14/03/2016 22:07:48 (Std) 	[ImageManager] Created image: 'TaharezLook/ComboboxListBottomRight' (055858E8) of type: BasicImage
14/03/2016 22:07:48 (Std) 	[ImageManager] Created image: 'TaharezLook/ComboboxListBackdrop' (05585478) of type: BasicImage
14/03/2016 22:07:48 (Std) 	[ImageManager] Created image: 'TaharezLook/ComboboxSelectionBrush' (05585F60) of type: BasicImage
14/03/2016 22:07:48 (Std) 	[ImageManager] Created image: 'TaharezLook/ComboboxDividerLeft' (05585E08) of type: BasicImage
14/03/2016 22:07:48 (Std) 	[ImageManager] Created image: 'TaharezLook/ComboboxDividerMiddle' (05586340) of type: BasicImage
14/03/2016 22:07:48 (Std) 	[ImageManager] Created image: 'TaharezLook/ComboboxDividerRight' (055B9070) of type: BasicImage
14/03/2016 22:07:48 (Std) 	[ImageManager] Created image: 'TaharezLook/HeaderBarBackdropNormal' (055B94D0) of type: BasicImage
14/03/2016 22:07:48 (Std) 	[ImageManager] Created image: 'TaharezLook/HeaderBarBackdropHover' (055B97E8) of type: BasicImage
14/03/2016 22:07:48 (Std) 	[ImageManager] Created image: 'TaharezLook/HeaderBarSplitterNormal' (055B9B00) of type: BasicImage
14/03/2016 22:07:48 (Std) 	[ImageManager] Created image: 'TaharezLook/HeaderBarSplitterHover' (055B9E18) of type: BasicImage
14/03/2016 22:07:48 (Std) 	[ImageManager] Created image: 'TaharezLook/HeaderBarSortUp' (055B9378) of type: BasicImage
14/03/2016 22:07:48 (Std) 	[ImageManager] Created image: 'TaharezLook/HeaderBarSortDown' (055BA1F8) of type: BasicImage
14/03/2016 22:07:48 (Std) 	[ImageManager] Created image: 'TaharezLook/MultiListLeft' (055BA3C0) of type: BasicImage
14/03/2016 22:07:48 (Std) 	[ImageManager] Created image: 'TaharezLook/MultiListRight' (055BA588) of type: BasicImage
14/03/2016 22:07:48 (Std) 	[ImageManager] Created image: 'TaharezLook/MultiListTop' (055BA750) of type: BasicImage
14/03/2016 22:07:48 (Std) 	[ImageManager] Created image: 'TaharezLook/MultiListBottom' (055BA918) of type: BasicImage
14/03/2016 22:07:48 (Std) 	[ImageManager] Created image: 'TaharezLook/MultiListTopLeft' (055BAAE0) of type: BasicImage
14/03/2016 22:07:48 (Std) 	[ImageManager] Created image: 'TaharezLook/MultiListTopRight' (055BACA8) of type: BasicImage
14/03/2016 22:07:48 (Std) 	[ImageManager] Created image: 'TaharezLook/MultiListBottomLeft' (055BAE70) of type: BasicImage
14/03/2016 22:07:48 (Std) 	[ImageManager] Created image: 'TaharezLook/MultiListBottomRight' (055BB038) of type: BasicImage
14/03/2016 22:07:48 (Std) 	[ImageManager] Created image: 'TaharezLook/MultiListBackdrop' (055BB340) of type: BasicImage
14/03/2016 22:07:48 (Std) 	[ImageManager] Created image: 'TaharezLook/MultiListSelectionBrush' (055BB660) of type: BasicImage
14/03/2016 22:07:48 (Std) 	[ImageManager] Created image: 'TaharezLook/AltProgressLeft' (055BB508) of type: BasicImage
14/03/2016 22:07:48 (Std) 	[ImageManager] Created image: 'TaharezLook/AltProgressMiddle' (055BBA40) of type: BasicImage
14/03/2016 22:07:48 (Std) 	[ImageManager] Created image: 'TaharezLook/AltProgressRight' (055BBC08) of type: BasicImage
14/03/2016 22:07:48 (Std) 	[ImageManager] Created image: 'TaharezLook/AltProgressQuarter' (055BBDD0) of type: BasicImage
14/03/2016 22:07:48 (Std) 	[ImageManager] Created image: 'TaharezLook/AltProgressHalf' (055BBF98) of type: BasicImage
14/03/2016 22:07:48 (Std) 	[ImageManager] Created image: 'TaharezLook/AltProgressLight1' (055BC160) of type: BasicImage
14/03/2016 22:07:48 (Std) 	[ImageManager] Created image: 'TaharezLook/AltProgressLight2' (055BC328) of type: BasicImage
14/03/2016 22:07:48 (Std) 	[ImageManager] Created image: 'TaharezLook/AltProgressLight3' (055BC4F0) of type: BasicImage
14/03/2016 22:07:48 (Std) 	[ImageManager] Created image: 'TaharezLook/AltProgressLight4' (055BC6B8) of type: BasicImage
14/03/2016 22:07:48 (Std) 	[ImageManager] Created image: 'TaharezLook/AltProgressLight5' (055BC880) of type: BasicImage
14/03/2016 22:07:48 (Std) 	[ImageManager] Created image: 'TaharezLook/AltProgressLight6' (055BCA48) of type: BasicImage
14/03/2016 22:07:48 (Std) 	[ImageManager] Created image: 'TaharezLook/AltProgressLight7' (055BCC10) of type: BasicImage
14/03/2016 22:07:48 (Std) 	[ImageManager] Created image: 'TaharezLook/AltProgressLight8' (055BCDD8) of type: BasicImage
14/03/2016 22:07:48 (Std) 	[ImageManager] Created image: 'TaharezLook/AltProgressLight9' (055BCFA0) of type: BasicImage
14/03/2016 22:07:48 (Std) 	[ImageManager] Created image: 'TaharezLook/AltProgressLight10' (055BD168) of type: BasicImage
14/03/2016 22:07:48 (Std) 	[ImageManager] Created image: 'TaharezLook/CloseButtonNormal' (055BD330) of type: BasicImage
14/03/2016 22:07:48 (Std) 	[ImageManager] Created image: 'TaharezLook/CloseButtonHover' (055BD4F8) of type: BasicImage
14/03/2016 22:07:48 (Std) 	[ImageManager] Created image: 'TaharezLook/CloseButtonPressed' (055BD6C0) of type: BasicImage
14/03/2016 22:07:48 (Std) 	[ImageManager] Created image: 'TaharezLook/NewCloseButtonNormal' (055BD888) of type: BasicImage
14/03/2016 22:07:48 (Std) 	[ImageManager] Created image: 'TaharezLook/NewCloseButtonHover' (055BDB90) of type: BasicImage
14/03/2016 22:07:48 (Std) 	[ImageManager] Created image: 'TaharezLook/NewCloseButtonPressed' (055BDD58) of type: BasicImage
14/03/2016 22:07:48 (Std) 	[ImageManager] Created image: 'TaharezLook/MultiLineEditboxLeft' (055BE060) of type: BasicImage
14/03/2016 22:07:48 (Std) 	[ImageManager] Created image: 'TaharezLook/MultiLineEditboxRight' (055BE368) of type: BasicImage
14/03/2016 22:07:48 (Std) 	[ImageManager] Created image: 'TaharezLook/MultiLineEditboxTop' (055BE670) of type: BasicImage
14/03/2016 22:07:48 (Std) 	[ImageManager] Created image: 'TaharezLook/MultiLineEditboxBottom' (055BE990) of type: BasicImage
14/03/2016 22:07:48 (Std) 	[ImageManager] Created image: 'TaharezLook/MultiLineEditboxTopLeft' (055BECA8) of type: BasicImage
14/03/2016 22:07:48 (Std) 	[ImageManager] Created image: 'TaharezLook/MultiLineEditboxTopRight' (055BF118) of type: BasicImage
14/03/2016 22:07:48 (Std) 	[ImageManager] Created image: 'TaharezLook/MultiLineEditboxBottomLeft' (055BF440) of type: BasicImage
14/03/2016 22:07:48 (Std) 	[ImageManager] Created image: 'TaharezLook/MultiLineEditboxBottomRight' (055BF778) of type: BasicImage
14/03/2016 22:07:48 (Std) 	[ImageManager] Created image: 'TaharezLook/MultiLineEditboxBackdrop' (055BFAB0) of type: BasicImage
14/03/2016 22:07:48 (Std) 	[ImageManager] Created image: 'TaharezLook/MultiLineEditboxSelectionBrush' (055BFDD8) of type: BasicImage
14/03/2016 22:07:48 (Std) 	[ImageManager] Created image: 'TaharezLook/MouseTarget' (055C03E0) of type: BasicImage
14/03/2016 22:07:48 (Std) 	[ImageManager] Created image: 'TaharezLook/MouseArrow' (0563F0A0) of type: BasicImage
14/03/2016 22:07:48 (Std) 	[ImageManager] Created image: 'TaharezLook/MouseMoveCursor' (055C0858) of type: BasicImage
14/03/2016 22:07:48 (Std) 	[ImageManager] Created image: 'TaharezLook/MouseNoSoCursor' (055C0A20) of type: BasicImage
14/03/2016 22:07:48 (Std) 	[ImageManager] Created image: 'TaharezLook/MouseEsWeCursor' (055C0BE8) of type: BasicImage
14/03/2016 22:07:48 (Std) 	[ImageManager] Created image: 'TaharezLook/MouseNeSwCursor' (055C0DB0) of type: BasicImage
14/03/2016 22:07:48 (Std) 	[ImageManager] Created image: 'TaharezLook/MouseNwSeCursor' (055C0F78) of type: BasicImage
14/03/2016 22:07:48 (Std) 	[ImageManager] Created image: 'TaharezLook/MouseTextBar' (055C1140) of type: BasicImage
14/03/2016 22:07:48 (Std) 	[ImageManager] Created image: 'TaharezLook/TabHorizontalFiller' (055C0130) of type: BasicImage
14/03/2016 22:07:48 (Std) 	[ImageManager] Created image: 'TaharezLook/TabContentPaneUpperLeft' (055C0700) of type: BasicImage
14/03/2016 22:07:48 (Std) 	[ImageManager] Created image: 'TaharezLook/TabContentPaneUpper' (055C1478) of type: BasicImage
14/03/2016 22:07:48 (Std) 	[ImageManager] Created image: 'TaharezLook/TabContentPaneUpperRight' (055C1828) of type: BasicImage
14/03/2016 22:07:48 (Std) 	[ImageManager] Created image: 'TaharezLook/TabContentPaneLeft' (055C1578) of type: BasicImage
14/03/2016 22:07:48 (Std) 	[ImageManager] Created image: 'TaharezLook/TabContentPaneRight' (055C1B50) of type: BasicImage
14/03/2016 22:07:48 (Std) 	[ImageManager] Created image: 'TaharezLook/TabContentPaneLower' (055C1C50) of type: BasicImage
14/03/2016 22:07:48 (Std) 	[ImageManager] Created image: 'TaharezLook/TabContentPaneLowerLeft' (055C1F70) of type: BasicImage
14/03/2016 22:07:48 (Std) 	[ImageManager] Created image: 'TaharezLook/TabContentPaneLowerRight' (055C2490) of type: BasicImage
14/03/2016 22:07:48 (Std) 	[ImageManager] Created image: 'TaharezLook/TabContentPaneMiddle' (055C21E0) of type: BasicImage
14/03/2016 22:07:48 (Std) 	[ImageManager] Created image: 'TaharezLook/TabButtonScrollLeftNormal' (055C2910) of type: BasicImage
14/03/2016 22:07:48 (Std) 	[ImageManager] Created image: 'TaharezLook/TabButtonScrollRightNormal' (055C2C38) of type: BasicImage
14/03/2016 22:07:48 (Std) 	[ImageManager] Created image: 'TaharezLook/TabButtonScrollLeftHover' (055C2F70) of type: BasicImage
14/03/2016 22:07:48 (Std) 	[ImageManager] Created image: 'TaharezLook/TabButtonScrollRightHover' (055C3298) of type: BasicImage
14/03/2016 22:07:48 (Std) 	[ImageManager] Created image: 'TaharezLook/TabButtonLeftNormal' (055C27B8) of type: BasicImage
14/03/2016 22:07:48 (Std) 	[ImageManager] Created image: 'TaharezLook/TabButtonRightNormal' (055C35C0) of type: BasicImage
14/03/2016 22:07:48 (Std) 	[ImageManager] Created image: 'TaharezLook/TabButtonUpperNormal' (055C38C8) of type: BasicImage
14/03/2016 22:07:48 (Std) 	[ImageManager] Created image: 'TaharezLook/TabButtonLowerNormal' (055C3BD0) of type: BasicImage
14/03/2016 22:07:48 (Std) 	[ImageManager] Created image: 'TaharezLook/TabButtonUpperLeftNormal' (055C4188) of type: BasicImage
14/03/2016 22:07:48 (Std) 	[ImageManager] Created image: 'TaharezLook/TabButtonUpperLeft2Normal' (055C44B0) of type: BasicImage
14/03/2016 22:07:48 (Std) 	[ImageManager] Created image: 'TaharezLook/TabButtonUpperRightNormal' (055C47D8) of type: BasicImage
14/03/2016 22:07:48 (Std) 	[ImageManager] Created image: 'TaharezLook/TabButtonLowerLeftNormal' (055C4B00) of type: BasicImage
14/03/2016 22:07:48 (Std) 	[ImageManager] Created image: 'TaharezLook/TabButtonLowerRightNormal' (055C4E28) of type: BasicImage
14/03/2016 22:07:48 (Std) 	[ImageManager] Created image: 'TaharezLook/TabButtonLowerRight2Normal' (055C5150) of type: BasicImage
14/03/2016 22:07:48 (Std) 	[ImageManager] Created image: 'TaharezLook/TabButtonMiddleNormal' (055C3ED8) of type: BasicImage
14/03/2016 22:07:48 (Std) 	[ImageManager] Created image: 'TaharezLook/TabButtonLeftSelected' (055C5528) of type: BasicImage
14/03/2016 22:07:48 (Std) 	[ImageManager] Created image: 'TaharezLook/TabButtonRightSelected' (055C5988) of type: BasicImage
14/03/2016 22:07:48 (Std) 	[ImageManager] Created image: 'TaharezLook/TabButtonUpperSelected' (055C5CA0) of type: BasicImage
14/03/2016 22:07:48 (Std) 	[ImageManager] Created image: 'TaharezLook/TabButtonLowerSelected' (055C5FB8) of type: BasicImage
14/03/2016 22:07:48 (Std) 	[ImageManager] Created image: 'TaharezLook/TabButtonUpperLeftSelected' (055C6428) of type: BasicImage
14/03/2016 22:07:48 (Std) 	[ImageManager] Created image: 'TaharezLook/TabButtonUpperRightSelected' (055C6760) of type: BasicImage
14/03/2016 22:07:48 (Std) 	[ImageManager] Created image: 'TaharezLook/TabButtonLowerLeftSelected' (055C6A98) of type: BasicImage
14/03/2016 22:07:48 (Std) 	[ImageManager] Created image: 'TaharezLook/TabButtonLowerRightSelected' (055C6DD0) of type: BasicImage
14/03/2016 22:07:48 (Std) 	[ImageManager] Created image: 'TaharezLook/TabButtonMiddleSelected' (055C62D0) of type: BasicImage
14/03/2016 22:07:48 (Std) 	[ImageManager] Created image: 'TaharezLook/TooltipTopLeft' (055C5830) of type: BasicImage
14/03/2016 22:07:48 (Std) 	[ImageManager] Created image: 'TaharezLook/TooltipTopRight' (055C73E8) of type: BasicImage
14/03/2016 22:07:48 (Std) 	[ImageManager] Created image: 'TaharezLook/TooltipBottomLeft' (055C75B0) of type: BasicImage
14/03/2016 22:07:48 (Std) 	[ImageManager] Created image: 'TaharezLook/TooltipBottomRight' (055C7778) of type: BasicImage
14/03/2016 22:07:48 (Std) 	[ImageManager] Created image: 'TaharezLook/TooltipLeftEdge' (055C7940) of type: BasicImage
14/03/2016 22:07:48 (Std) 	[ImageManager] Created image: 'TaharezLook/TooltipRightEdge' (055C7B08) of type: BasicImage
14/03/2016 22:07:48 (Std) 	[ImageManager] Created image: 'TaharezLook/TooltipTopEdge' (055C7CD0) of type: BasicImage
14/03/2016 22:07:48 (Std) 	[ImageManager] Created image: 'TaharezLook/TooltipBottomEdge' (055C7E98) of type: BasicImage
14/03/2016 22:07:48 (Std) 	[ImageManager] Created image: 'TaharezLook/TooltipMiddle' (055C8060) of type: BasicImage
14/03/2016 22:07:48 (Std) 	[ImageManager] Created image: 'TaharezLook/MenuTopLeft' (055C8228) of type: BasicImage
14/03/2016 22:07:48 (Std) 	[ImageManager] Created image: 'TaharezLook/MenuTopRight' (055C83F0) of type: BasicImage
14/03/2016 22:07:48 (Std) 	[ImageManager] Created image: 'TaharezLook/MenuBottomLeft' (055C85B8) of type: BasicImage
14/03/2016 22:07:48 (Std) 	[ImageManager] Created image: 'TaharezLook/MenuBottomRight' (055C8780) of type: BasicImage
14/03/2016 22:07:48 (Std) 	[ImageManager] Created image: 'TaharezLook/MenuLeft' (055C8948) of type: BasicImage
14/03/2016 22:07:48 (Std) 	[ImageManager] Created image: 'TaharezLook/MenuRight' (055C8B10) of type: BasicImage
14/03/2016 22:07:48 (Std) 	[ImageManager] Created image: 'TaharezLook/MenuTop' (055C8CD8) of type: BasicImage
14/03/2016 22:07:48 (Std) 	[ImageManager] Created image: 'TaharezLook/MenuBottom' (055C8EA0) of type: BasicImage
14/03/2016 22:07:48 (Std) 	[ImageManager] Created image: 'TaharezLook/MenuMiddle' (055C9068) of type: BasicImage
14/03/2016 22:07:48 (Std) 	[ImageManager] Created image: 'TaharezLook/PopupMenuFrameTopLeft' (055C9230) of type: BasicImage
14/03/2016 22:07:48 (Std) 	[ImageManager] Created image: 'TaharezLook/PopupMenuFrameTopRight' (055C9690) of type: BasicImage
14/03/2016 22:07:48 (Std) 	[ImageManager] Created image: 'TaharezLook/PopupMenuFrameBottomLeft' (055C9B00) of type: BasicImage
14/03/2016 22:07:48 (Std) 	[ImageManager] Created image: 'TaharezLook/PopupMenuFrameBottomRight' (055C9E28) of type: BasicImage
14/03/2016 22:07:48 (Std) 	[ImageManager] Created image: 'TaharezLook/PopupMenuFrameLeft' (055C9538) of type: BasicImage
14/03/2016 22:07:48 (Std) 	[ImageManager] Created image: 'TaharezLook/PopupMenuFrameRight' (055CA150) of type: BasicImage
14/03/2016 22:07:48 (Std) 	[ImageManager] Created image: 'TaharezLook/PopupMenuFrameTop' (055CA318) of type: BasicImage
14/03/2016 22:07:48 (Std) 	[ImageManager] Created image: 'TaharezLook/PopupMenuFrameBottom' (055CA4E0) of type: BasicImage
14/03/2016 22:07:48 (Std) 	[ImageManager] Created image: 'TaharezLook/PopupMenuMiddle' (055CA7E8) of type: BasicImage
14/03/2016 22:07:48 (Std) 	[ImageManager] Created image: 'TaharezLook/PopupMenuArrowRight' (055CA9B0) of type: BasicImage
14/03/2016 22:07:48 (Std) 	[ImageManager] Created image: 'TaharezLook/PopupMenuArrowLeft' (055CAB78) of type: BasicImage
14/03/2016 22:07:48 (Std) 	[ImageManager] Created image: 'TaharezLook/TreeListClosed' (055CAD40) of type: BasicImage
14/03/2016 22:07:48 (Std) 	[ImageManager] Created image: 'TaharezLook/TreeListOpened' (055CAF08) of type: BasicImage
14/03/2016 22:07:48 (Std) 	[ImageManager] Created image: 'TaharezLook/UpArrow' (055CB0D0) of type: BasicImage
14/03/2016 22:07:48 (Std) 	===== Falagard 'root' element: look and feel parsing begins =====
14/03/2016 22:07:48 (Std) 	===== Look and feel parsing completed =====
14/03/2016 22:07:48 (Std) 	No window renderer factories specified for module 'CEGUICoreWindowRendererSet' - adding all available factories...
14/03/2016 22:07:48 (Std) 	Created WindowRendererFactory for 'Core/Button' WindowRenderers.
14/03/2016 22:07:48 (Std) 	WindowRendererFactory 'Core/Button' added. (05774C08)
14/03/2016 22:07:48 (Std) 	Created WindowRendererFactory for 'Core/Default' WindowRenderers.
14/03/2016 22:07:48 (Std) 	WindowRendererFactory 'Core/Default' added. (0562A8B0)
14/03/2016 22:07:48 (Std) 	Created WindowRendererFactory for 'Core/Editbox' WindowRenderers.
14/03/2016 22:07:48 (Std) 	WindowRendererFactory 'Core/Editbox' added. (0562AA30)
14/03/2016 22:07:48 (Std) 	Created WindowRendererFactory for 'Core/FrameWindow' WindowRenderers.
14/03/2016 22:07:48 (Std) 	WindowRendererFactory 'Core/FrameWindow' added. (05794D38)
14/03/2016 22:07:48 (Std) 	Created WindowRendererFactory for 'Core/ItemEntry' WindowRenderers.
14/03/2016 22:07:48 (Std) 	WindowRendererFactory 'Core/ItemEntry' added. (05794830)
14/03/2016 22:07:48 (Std) 	Created WindowRendererFactory for 'Core/ListHeader' WindowRenderers.
14/03/2016 22:07:48 (Std) 	WindowRendererFactory 'Core/ListHeader' added. (057949B0)
14/03/2016 22:07:48 (Std) 	Created WindowRendererFactory for 'Core/ListHeaderSegment' WindowRenderers.
14/03/2016 22:07:48 (Std) 	WindowRendererFactory 'Core/ListHeaderSegment' added. (05747860)
14/03/2016 22:07:48 (Std) 	Created WindowRendererFactory for 'Core/Listbox' WindowRenderers.
14/03/2016 22:07:48 (Std) 	WindowRendererFactory 'Core/Listbox' added. (05771AF8)
14/03/2016 22:07:48 (Std) 	Created WindowRendererFactory for 'Core/Menubar' WindowRenderers.
14/03/2016 22:07:48 (Std) 	WindowRendererFactory 'Core/Menubar' added. (05771C78)
14/03/2016 22:07:48 (Std) 	Created WindowRendererFactory for 'Core/MenuItem' WindowRenderers.
14/03/2016 22:07:48 (Std) 	WindowRendererFactory 'Core/MenuItem' added. (055A27E8)
14/03/2016 22:07:48 (Std) 	Created WindowRendererFactory for 'Core/MultiColumnList' WindowRenderers.
14/03/2016 22:07:48 (Std) 	WindowRendererFactory 'Core/MultiColumnList' added. (055A2968)
14/03/2016 22:07:48 (Std) 	Created WindowRendererFactory for 'Core/MultiLineEditbox' WindowRenderers.
14/03/2016 22:07:48 (Std) 	WindowRendererFactory 'Core/MultiLineEditbox' added. (055A2AE8)
14/03/2016 22:07:48 (Std) 	Created WindowRendererFactory for 'Core/PopupMenu' WindowRenderers.
14/03/2016 22:07:48 (Std) 	WindowRendererFactory 'Core/PopupMenu' added. (056B3658)
14/03/2016 22:07:48 (Std) 	Created WindowRendererFactory for 'Core/ProgressBar' WindowRenderers.
14/03/2016 22:07:48 (Std) 	WindowRendererFactory 'Core/ProgressBar' added. (056B37D8)
14/03/2016 22:07:48 (Std) 	Created WindowRendererFactory for 'Core/ScrollablePane' WindowRenderers.
14/03/2016 22:07:48 (Std) 	WindowRendererFactory 'Core/ScrollablePane' added. (05798320)
14/03/2016 22:07:48 (Std) 	Created WindowRendererFactory for 'Core/Scrollbar' WindowRenderers.
14/03/2016 22:07:48 (Std) 	WindowRendererFactory 'Core/Scrollbar' added. (057984A0)
14/03/2016 22:07:48 (Std) 	Created WindowRendererFactory for 'Core/Slider' WindowRenderers.
14/03/2016 22:07:48 (Std) 	WindowRendererFactory 'Core/Slider' added. (05798620)
14/03/2016 22:07:48 (Std) 	Created WindowRendererFactory for 'Core/Static' WindowRenderers.
14/03/2016 22:07:48 (Std) 	WindowRendererFactory 'Core/Static' added. (05796428)
14/03/2016 22:07:48 (Std) 	Created WindowRendererFactory for 'Core/StaticImage' WindowRenderers.
14/03/2016 22:07:48 (Std) 	WindowRendererFactory 'Core/StaticImage' added. (057965A8)
14/03/2016 22:07:48 (Std) 	Created WindowRendererFactory for 'Core/StaticText' WindowRenderers.
14/03/2016 22:07:48 (Std) 	WindowRendererFactory 'Core/StaticText' added. (05778198)
14/03/2016 22:07:48 (Std) 	Created WindowRendererFactory for 'Core/TabButton' WindowRenderers.
14/03/2016 22:07:48 (Std) 	WindowRendererFactory 'Core/TabButton' added. (05778318)
14/03/2016 22:07:48 (Std) 	Created WindowRendererFactory for 'Core/TabControl' WindowRenderers.
14/03/2016 22:07:48 (Std) 	WindowRendererFactory 'Core/TabControl' added. (05778498)
14/03/2016 22:07:48 (Std) 	Created WindowRendererFactory for 'Core/Titlebar' WindowRenderers.
14/03/2016 22:07:48 (Std) 	WindowRendererFactory 'Core/Titlebar' added. (05778618)
14/03/2016 22:07:48 (Std) 	Created WindowRendererFactory for 'Core/ToggleButton' WindowRenderers.
14/03/2016 22:07:48 (Std) 	WindowRendererFactory 'Core/ToggleButton' added. (05778798)
14/03/2016 22:07:48 (Std) 	Created WindowRendererFactory for 'Core/Tooltip' WindowRenderers.
14/03/2016 22:07:48 (Std) 	WindowRendererFactory 'Core/Tooltip' added. (055A34D8)
14/03/2016 22:07:48 (Std) 	Created WindowRendererFactory for 'Core/ItemListbox' WindowRenderers.
14/03/2016 22:07:48 (Std) 	WindowRendererFactory 'Core/ItemListbox' added. (055A3658)
14/03/2016 22:07:48 (Std) 	Created WindowRendererFactory for 'Core/Tree' WindowRenderers.
14/03/2016 22:07:48 (Std) 	WindowRendererFactory 'Core/Tree' added. (055A37D8)
14/03/2016 22:07:48 (Std) 	Creating falagard mapping for type 'TaharezLook/Label' using base type 'DefaultWindow', window renderer 'Core/Default' Look'N'Feel 'TaharezLook/Label' and RenderEffect ''. (0038BC0C)
14/03/2016 22:07:48 (Std) 	Creating falagard mapping for type 'TaharezLook/Button' using base type 'CEGUI/PushButton', window renderer 'Core/Button' Look'N'Feel 'TaharezLook/Button' and RenderEffect ''. (0038BC0C)
14/03/2016 22:07:48 (Std) 	Creating falagard mapping for type 'TaharezLook/Checkbox' using base type 'CEGUI/ToggleButton', window renderer 'Core/ToggleButton' Look'N'Feel 'TaharezLook/Checkbox' and RenderEffect ''. (0038BC0C)
14/03/2016 22:07:48 (Std) 	Creating falagard mapping for type 'TaharezLook/ImageButton' using base type 'CEGUI/PushButton', window renderer 'Core/Button' Look'N'Feel 'TaharezLook/ImageButton' and RenderEffect ''. (0038BC0C)
14/03/2016 22:07:48 (Std) 	Creating falagard mapping for type 'TaharezLook/RadioButton' using base type 'CEGUI/RadioButton', window renderer 'Core/ToggleButton' Look'N'Feel 'TaharezLook/RadioButton' and RenderEffect ''. (0038BC0C)
14/03/2016 22:07:48 (Std) 	Creating falagard mapping for type 'TaharezLook/FrameWindow' using base type 'CEGUI/FrameWindow', window renderer 'Core/FrameWindow' Look'N'Feel 'TaharezLook/FrameWindow' and RenderEffect ''. (0038BC0C)
14/03/2016 22:07:48 (Std) 	Creating falagard mapping for type 'TaharezLook/Titlebar' using base type 'CEGUI/Titlebar', window renderer 'Core/Titlebar' Look'N'Feel 'TaharezLook/Titlebar' and RenderEffect ''. (0038BC0C)
14/03/2016 22:07:48 (Std) 	Creating falagard mapping for type 'TaharezLook/Editbox' using base type 'CEGUI/Editbox', window renderer 'Core/Editbox' Look'N'Feel 'TaharezLook/Editbox' and RenderEffect ''. (0038BC0C)
14/03/2016 22:07:48 (Std) 	Creating falagard mapping for type 'TaharezLook/MultiLineEditbox' using base type 'CEGUI/MultiLineEditbox', window renderer 'Core/MultiLineEditbox' Look'N'Feel 'TaharezLook/MultiLineEditbox' and RenderEffect ''. (0038BC0C)
14/03/2016 22:07:48 (Std) 	Creating falagard mapping for type 'TaharezLook/Menubar' using base type 'CEGUI/Menubar', window renderer 'Core/Menubar' Look'N'Feel 'TaharezLook/Menubar' and RenderEffect ''. (0038BC0C)
14/03/2016 22:07:48 (Std) 	Creating falagard mapping for type 'TaharezLook/PopupMenu' using base type 'CEGUI/PopupMenu', window renderer 'Core/PopupMenu' Look'N'Feel 'TaharezLook/PopupMenu' and RenderEffect ''. (0038BC0C)
14/03/2016 22:07:48 (Std) 	Creating falagard mapping for type 'TaharezLook/MenuItem' using base type 'CEGUI/MenuItem', window renderer 'Core/MenuItem' Look'N'Feel 'TaharezLook/MenuItem' and RenderEffect ''. (0038BC0C)
14/03/2016 22:07:48 (Std) 	Creating falagard mapping for type 'TaharezLook/AlternateProgressBar' using base type 'CEGUI/ProgressBar', window renderer 'Core/ProgressBar' Look'N'Feel 'TaharezLook/AltProgressBar' and RenderEffect ''. (0038BC0C)
14/03/2016 22:07:48 (Std) 	Creating falagard mapping for type 'TaharezLook/ProgressBar' using base type 'CEGUI/ProgressBar', window renderer 'Core/ProgressBar' Look'N'Feel 'TaharezLook/ProgressBar' and RenderEffect ''. (0038BC0C)
14/03/2016 22:07:48 (Std) 	Creating falagard mapping for type 'TaharezLook/VUMeter' using base type 'CEGUI/ProgressBar', window renderer 'Core/ProgressBar' Look'N'Feel 'TaharezLook/VUMeter' and RenderEffect ''. (0038BC0C)
14/03/2016 22:07:48 (Std) 	Creating falagard mapping for type 'TaharezLook/VerticalScrollbar' using base type 'CEGUI/Scrollbar', window renderer 'Core/Scrollbar' Look'N'Feel 'TaharezLook/VerticalScrollbar' and RenderEffect ''. (0038BC0C)
14/03/2016 22:07:48 (Std) 	Creating falagard mapping for type 'TaharezLook/HorizontalScrollbar' using base type 'CEGUI/Scrollbar', window renderer 'Core/Scrollbar' Look'N'Feel 'TaharezLook/HorizontalScrollbar' and RenderEffect ''. (0038BC0C)
14/03/2016 22:07:48 (Std) 	Creating falagard mapping for type 'TaharezLook/VerticalScrollbarThumb' using base type 'CEGUI/Thumb', window renderer 'Core/Button' Look'N'Feel 'TaharezLook/VerticalScrollbarThumb' and RenderEffect ''. (0038BC0C)
14/03/2016 22:07:48 (Std) 	Creating falagard mapping for type 'TaharezLook/HorizontalScrollbarThumb' using base type 'CEGUI/Thumb', window renderer 'Core/Button' Look'N'Feel 'TaharezLook/HorizontalScrollbarThumb' and RenderEffect ''. (0038BC0C)
14/03/2016 22:07:48 (Std) 	Creating falagard mapping for type 'TaharezLook/LargeVerticalScrollbar' using base type 'CEGUI/Scrollbar', window renderer 'Core/Scrollbar' Look'N'Feel 'TaharezLook/LargeVerticalScrollbar' and RenderEffect ''. (0038BC0C)
14/03/2016 22:07:48 (Std) 	Creating falagard mapping for type 'TaharezLook/LargeVerticalScrollbarThumb' using base type 'CEGUI/Thumb', window renderer 'Core/Button' Look'N'Feel 'TaharezLook/LargeVerticalScrollbarThumb' and RenderEffect ''. (0038BC0C)
14/03/2016 22:07:48 (Std) 	Creating falagard mapping for type 'TaharezLook/TabButton' using base type 'CEGUI/TabButton', window renderer 'Core/TabButton' Look'N'Feel 'TaharezLook/TabButton' and RenderEffect ''. (0038BC0C)
14/03/2016 22:07:48 (Std) 	Creating falagard mapping for type 'TaharezLook/TabControl' using base type 'CEGUI/TabControl', window renderer 'Core/TabControl' Look'N'Feel 'TaharezLook/TabControl' and RenderEffect ''. (0038BC0C)
14/03/2016 22:07:48 (Std) 	Creating falagard mapping for type 'TaharezLook/TabContentPane' using base type 'DefaultWindow', window renderer 'Core/Default' Look'N'Feel 'TaharezLook/TabContentPane' and RenderEffect ''. (0038BC0C)
14/03/2016 22:07:48 (Std) 	Creating falagard mapping for type 'TaharezLook/TabButtonPane' using base type 'DefaultWindow', window renderer 'Core/Default' Look'N'Feel 'TaharezLook/TabButtonPane' and RenderEffect ''. (0038BC0C)
14/03/2016 22:07:48 (Std) 	Creating falagard mapping for type 'TaharezLook/ComboDropList' using base type 'CEGUI/ComboDropList', window renderer 'Core/Listbox' Look'N'Feel 'TaharezLook/ComboDropList' and RenderEffect ''. (0038BC0C)
14/03/2016 22:07:48 (Std) 	Creating falagard mapping for type 'TaharezLook/ComboEditbox' using base type 'CEGUI/Editbox', window renderer 'Core/Editbox' Look'N'Feel 'TaharezLook/ComboEditbox' and RenderEffect ''. (0038BC0C)
14/03/2016 22:07:48 (Std) 	Creating falagard mapping for type 'TaharezLook/Combobox' using base type 'CEGUI/Combobox', window renderer 'Core/Default' Look'N'Feel 'TaharezLook/Combobox' and RenderEffect ''. (0038BC0C)
14/03/2016 22:07:48 (Std) 	Creating falagard mapping for type 'TaharezLook/Listbox' using base type 'CEGUI/Listbox', window renderer 'Core/Listbox' Look'N'Feel 'TaharezLook/Listbox' and RenderEffect ''. (0038BC0C)
14/03/2016 22:07:48 (Std) 	Creating falagard mapping for type 'TaharezLook/ListHeader' using base type 'CEGUI/ListHeader', window renderer 'Core/ListHeader' Look'N'Feel 'TaharezLook/ListHeader' and RenderEffect ''. (0038BC0C)
14/03/2016 22:07:48 (Std) 	Creating falagard mapping for type 'TaharezLook/ListHeaderSegment' using base type 'CEGUI/ListHeaderSegment', window renderer 'Core/ListHeaderSegment' Look'N'Feel 'TaharezLook/ListHeaderSegment' and RenderEffect ''. (0038BC0C)
14/03/2016 22:07:48 (Std) 	Creating falagard mapping for type 'TaharezLook/MultiColumnList' using base type 'CEGUI/MultiColumnList', window renderer 'Core/MultiColumnList' Look'N'Feel 'TaharezLook/MultiColumnList' and RenderEffect ''. (0038BC0C)
14/03/2016 22:07:48 (Std) 	Creating falagard mapping for type 'TaharezLook/Slider' using base type 'CEGUI/Slider', window renderer 'Core/Slider' Look'N'Feel 'TaharezLook/Slider' and RenderEffect ''. (0038BC0C)
14/03/2016 22:07:48 (Std) 	Creating falagard mapping for type 'TaharezLook/SliderThumb' using base type 'CEGUI/Thumb', window renderer 'Core/Button' Look'N'Feel 'TaharezLook/SliderThumb' and RenderEffect ''. (0038BC0C)
14/03/2016 22:07:48 (Std) 	Creating falagard mapping for type 'TaharezLook/ScrollablePane' using base type 'CEGUI/ScrollablePane', window renderer 'Core/ScrollablePane' Look'N'Feel 'TaharezLook/ScrollablePane' and RenderEffect ''. (0038BC0C)
14/03/2016 22:07:48 (Std) 	Creating falagard mapping for type 'TaharezLook/Spinner' using base type 'CEGUI/Spinner', window renderer 'Core/Default' Look'N'Feel 'TaharezLook/Spinner' and RenderEffect ''. (0038BC0C)
14/03/2016 22:07:48 (Std) 	Creating falagard mapping for type 'TaharezLook/Tooltip' using base type 'CEGUI/Tooltip', window renderer 'Core/Tooltip' Look'N'Feel 'TaharezLook/Tooltip' and RenderEffect ''. (0038BC0C)
14/03/2016 22:07:48 (Std) 	Creating falagard mapping for type 'TaharezLook/StaticImage' using base type 'DefaultWindow', window renderer 'Core/StaticImage' Look'N'Feel 'TaharezLook/StaticImage' and RenderEffect ''. (0038BC0C)
14/03/2016 22:07:48 (Std) 	Creating falagard mapping for type 'TaharezLook/StaticText' using base type 'DefaultWindow', window renderer 'Core/StaticText' Look'N'Feel 'TaharezLook/StaticText' and RenderEffect ''. (0038BC0C)
14/03/2016 22:07:48 (Std) 	Creating falagard mapping for type 'TaharezLook/ItemListbox' using base type 'CEGUI/ItemListbox', window renderer 'Core/ItemListbox' Look'N'Feel 'TaharezLook/ItemListbox' and RenderEffect ''. (0038BC0C)
14/03/2016 22:07:48 (Std) 	Creating falagard mapping for type 'TaharezLook/ListboxItem' using base type 'CEGUI/ItemEntry', window renderer 'Core/ItemEntry' Look'N'Feel 'TaharezLook/ListboxItem' and RenderEffect ''. (0038BC0C)
14/03/2016 22:07:48 (Std) 	Creating falagard mapping for type 'TaharezLook/GroupBox' using base type 'DefaultWindow', window renderer 'Core/Default' Look'N'Feel 'TaharezLook/GroupBox' and RenderEffect ''. (0038BC0C)
14/03/2016 22:07:48 (Std) 	Creating falagard mapping for type 'TaharezLook/Tree' using base type 'CEGUI/Tree', window renderer 'Core/Tree' Look'N'Feel 'TaharezLook/Tree' and RenderEffect ''. (0038BC0C)
